<?xml version="1.0" encoding="UTF-8"?>
<testng-results ignored="0" total="2" passed="2" failed="0" skipped="0">
  <reporter-output>
  </reporter-output>
  <suite started-at="2024-02-18T22:34:21 IST" name="Default suite" finished-at="2024-02-18T22:35:05 IST" duration-ms="44103">
    <groups>
    </groups>
    <test started-at="2024-02-18T22:34:21 IST" name="Default test" finished-at="2024-02-18T22:35:05 IST" duration-ms="44103">
      <class name="youtube.Base.Tests">
        <test-method is-config="true" signature="setUP()[pri:0, instance:youtube.Base.Tests@a530d0a]" started-at="2024-02-18T22:34:21 IST" name="setUP" finished-at="2024-02-18T22:35:02 IST" duration-ms="40579" status="PASS">
          <reporter-output>
          </reporter-output>
        </test-method> <!-- setUP -->
        <test-method signature="scroll()[pri:0, instance:youtube.Base.Tests@a530d0a]" started-at="2024-02-18T22:35:02 IST" name="scroll" finished-at="2024-02-18T22:35:03 IST" duration-ms="1106" status="PASS">
          <reporter-output>
          </reporter-output>
        </test-method> <!-- scroll -->
        <test-method signature="play()[pri:1, instance:youtube.Base.Tests@a530d0a]" started-at="2024-02-18T22:35:03 IST" name="play" finished-at="2024-02-18T22:35:05 IST" duration-ms="2372" status="PASS">
          <reporter-output>
          </reporter-output>
        </test-method> <!-- play -->
      </class> <!-- youtube.Base.Tests -->
    </test> <!-- Default test -->
  </suite> <!-- Default suite -->
</testng-results>
