<?xml version="1.0" encoding="UTF-8"?>
<testng-results ignored="0" total="1" passed="1" failed="0" skipped="0">
  <reporter-output>
  </reporter-output>
  <suite started-at="2024-02-10T18:54:56 IST" name="Default suite" finished-at="2024-02-10T18:55:07 IST" duration-ms="11297">
    <groups>
    </groups>
    <test started-at="2024-02-10T18:54:56 IST" name="Default test" finished-at="2024-02-10T18:55:07 IST" duration-ms="11297">
      <class name="Logon.Logn">
        <test-method is-config="true" signature="data()[pri:0, instance:Logon.Logn@1e04fa0a]" started-at="2024-02-10T18:54:56 IST" name="data" finished-at="2024-02-10T18:55:07 IST" duration-ms="10813" status="PASS">
          <reporter-output>
          </reporter-output>
        </test-method> <!-- data -->
        <test-method signature="ChechLogin()[pri:0, instance:Logon.Logn@1e04fa0a]" started-at="2024-02-10T18:55:07 IST" name="ChechLogin" finished-at="2024-02-10T18:55:07 IST" duration-ms="431" status="PASS">
          <reporter-output>
          </reporter-output>
        </test-method> <!-- ChechLogin -->
      </class> <!-- Logon.Logn -->
    </test> <!-- Default test -->
  </suite> <!-- Default suite -->
</testng-results>
