<?xml version="1.0" encoding="UTF-8"?>
<!-- Generated by org.testng.reporters.JUnitXMLReporter -->
<testsuite ignored="0" hostname="HABEEBUNNISA" failures="1" tests="2" name="Test" time="14.201" errors="0" timestamp="2024-02-24T19:06:35 IST">
  <testcase classname="extentReports.Tests.Tests" name="login" time="1.381"/>
  <testcase classname="extentReports.Tests.Tests" name="addToCart" time="0.269">
    <failure type="junit.framework.AssertionFailedError" message="Intentional fail">
      <![CDATA[junit.framework.AssertionFailedError: Intentional fail
at junit.framework.Assert.fail(Assert.java:50)
at extentReports.PageObjects.HomePage.AddToCart(HomePage.java:36)
at extentReports.Tests.Tests.addToCart(Tests.java:20)
at java.base/java.util.ArrayList.forEach(ArrayList.java:1511)
... Removed 27 stack frames]]>
    </failure>
  </testcase> <!-- addToCart -->
</testsuite> <!-- Test -->
