<?xml version="1.0" encoding="UTF-8"?>
<!-- Generated by org.testng.reporters.JUnitXMLReporter -->
<testsuite ignored="0" hostname="HABEEBUNNISA" failures="0" tests="3" name="Default test" time="16.353" errors="0" timestamp="2024-02-20T15:09:56 IST">
  <testcase classname="Fluent.Tests.Tests" name="Login" time="1.07"/>
  <testcase classname="Fluent.Tests.Tests" name="void_add_to_cart" time="0.274"/>
  <testcase classname="Fluent.Tests.Tests" name="remove" time="0.992"/>
</testsuite> <!-- Default test -->
