<?xml version="1.0" encoding="UTF-8"?>
<!-- Generated by org.testng.reporters.JUnitXMLReporter -->
<testsuite ignored="0" hostname="HABEEBUNNISA" failures="0" tests="3" name="Default test" time="9.399" errors="0" timestamp="2024-02-20T14:33:05 IST">
  <testcase classname="Fluent.Tests.Tests" name="Login" time="0.589"/>
  <testcase classname="Fluent.Tests.Tests" name="void_add_to_cart" time="0.184"/>
  <testcase classname="Fluent.Tests.Tests" name="remove" time="0.521"/>
</testsuite> <!-- Default test -->
