<?xml version="1.0" encoding="UTF-8"?>
<testng-results ignored="0" total="1" passed="1" failed="0" skipped="0">
  <reporter-output>
  </reporter-output>
  <suite started-at="2024-02-24T15:53:06 IST" name="Default suite" finished-at="2024-02-24T15:53:23 IST" duration-ms="16664">
    <groups>
    </groups>
    <test started-at="2024-02-24T15:53:06 IST" name="Default test" finished-at="2024-02-24T15:53:23 IST" duration-ms="16664">
      <class name="Calender.Tests.DatePicker">
        <test-method is-config="true" signature="setUp()[pri:0, instance:Calender.Tests.DatePicker@43dac38f]" started-at="2024-02-24T15:53:06 IST" name="setUp" finished-at="2024-02-24T15:53:18 IST" duration-ms="11536" status="PASS">
          <reporter-output>
          </reporter-output>
        </test-method> <!-- setUp -->
        <test-method signature="selectDate()[pri:0, instance:Calender.Tests.DatePicker@43dac38f]" started-at="2024-02-24T15:53:18 IST" name="selectDate" finished-at="2024-02-24T15:53:23 IST" duration-ms="5074" status="PASS">
          <reporter-output>
          </reporter-output>
        </test-method> <!-- selectDate -->
      </class> <!-- Calender.Tests.DatePicker -->
    </test> <!-- Default test -->
  </suite> <!-- Default suite -->
</testng-results>
