<?xml version="1.0" encoding="UTF-8"?>
<testng-results ignored="0" total="1" passed="1" failed="0" skipped="0">
  <reporter-output>
  </reporter-output>
  <suite started-at="2024-02-15T17:07:49 IST" name="Default suite" finished-at="2024-02-15T17:08:28 IST" duration-ms="39173">
    <groups>
    </groups>
    <test started-at="2024-02-15T17:07:49 IST" name="Default test" finished-at="2024-02-15T17:08:28 IST" duration-ms="39173">
      <class name="Logonmysql.Base.Login">
        <test-method is-config="true" signature="method()[pri:0, instance:Logonmysql.Base.Login@18d87d80]" started-at="2024-02-15T17:07:49 IST" name="method" finished-at="2024-02-15T17:08:21 IST" duration-ms="32465" status="PASS">
          <reporter-output>
          </reporter-output>
        </test-method> <!-- method -->
        <test-method signature="Logon()[pri:0, instance:Logonmysql.Base.Login@18d87d80]" started-at="2024-02-15T17:08:21 IST" name="Logon" finished-at="2024-02-15T17:08:28 IST" duration-ms="6635" status="PASS">
          <reporter-output>
          </reporter-output>
        </test-method> <!-- Logon -->
      </class> <!-- Logonmysql.Base.Login -->
    </test> <!-- Default test -->
  </suite> <!-- Default suite -->
</testng-results>
