<?xml version="1.0" encoding="UTF-8"?>
<testng-results ignored="0" total="1" passed="1" failed="0" skipped="0">
  <reporter-output>
  </reporter-output>
  <suite started-at="2024-02-13T00:14:53 IST" name="Default suite" finished-at="2024-02-13T00:15:20 IST" duration-ms="27134">
    <groups>
      <group name="cucumber">
        <method signature="AbstractTestNGCucumberTests.runScenario(io.cucumber.testng.PickleWrapper,io.cucumber.testng.FeatureWrapper)[pri:0, instance:cucumb.Tests.TestNgTestRunner@1b11171f]" name="runScenario" class="io.cucumber.testng.AbstractTestNGCucumberTests"/>
      </group> <!-- cucumber -->
    </groups>
    <test started-at="2024-02-13T00:14:53 IST" name="Default test" finished-at="2024-02-13T00:15:20 IST" duration-ms="27134">
      <class name="cucumb.Tests.TestNgTestRunner">
        <test-method is-config="true" signature="setUpClass(org.testng.ITestContext)[pri:0, instance:cucumb.Tests.TestNgTestRunner@1b11171f]" started-at="2024-02-13T00:14:53 IST" name="setUpClass" finished-at="2024-02-13T00:14:54 IST" duration-ms="836" status="PASS">
          <params>
            <param index="0">
              <value>
                <![CDATA[org.testng.TestRunner@1a87b51]]>
              </value>
            </param>
          </params>
          <reporter-output>
          </reporter-output>
        </test-method> <!-- setUpClass -->
        <test-method signature="runScenario(io.cucumber.testng.PickleWrapper,io.cucumber.testng.FeatureWrapper)[pri:0, instance:cucumb.Tests.TestNgTestRunner@1b11171f]" started-at="2024-02-13T00:14:54 IST" name="runScenario" description="Runs Cucumber Scenarios" data-provider="scenarios" finished-at="2024-02-13T00:15:20 IST" duration-ms="26183" status="PASS">
          <params>
            <param index="0">
              <value>
                <![CDATA["Checking Login Functionality"]]>
              </value>
            </param>
            <param index="1">
              <value>
                <![CDATA["Login Functionality"]]>
              </value>
            </param>
          </params>
          <reporter-output>
          </reporter-output>
        </test-method> <!-- runScenario -->
        <test-method is-config="true" signature="tearDownClass()[pri:0, instance:cucumb.Tests.TestNgTestRunner@1b11171f]" started-at="2024-02-13T00:15:20 IST" name="tearDownClass" finished-at="2024-02-13T00:15:20 IST" duration-ms="61" status="PASS">
          <reporter-output>
          </reporter-output>
        </test-method> <!-- tearDownClass -->
      </class> <!-- cucumb.Tests.TestNgTestRunner -->
    </test> <!-- Default test -->
  </suite> <!-- Default suite -->
</testng-results>
