<?xml version="1.0" encoding="UTF-8"?>
<testng-results ignored="0" total="3" passed="3" failed="0" skipped="0">
  <reporter-output>
  </reporter-output>
  <suite started-at="2024-02-20T14:32:56 IST" name="Default suite" finished-at="2024-02-20T14:33:05 IST" duration-ms="9399">
    <groups>
    </groups>
    <test started-at="2024-02-20T14:32:56 IST" name="Default test" finished-at="2024-02-20T14:33:05 IST" duration-ms="9399">
      <class name="Fluent.Tests.Tests">
        <test-method is-config="true" signature="before()[pri:0, instance:Fluent.Tests.Tests@7e7be63f]" started-at="2024-02-20T14:32:56 IST" name="before" finished-at="2024-02-20T14:33:04 IST" duration-ms="8034" status="PASS">
          <reporter-output>
          </reporter-output>
        </test-method> <!-- before -->
        <test-method signature="Login()[pri:0, instance:Fluent.Tests.Tests@7e7be63f]" started-at="2024-02-20T14:33:04 IST" name="Login" finished-at="2024-02-20T14:33:05 IST" duration-ms="589" status="PASS">
          <reporter-output>
          </reporter-output>
        </test-method> <!-- Login -->
        <test-method signature="void_add_to_cart()[pri:0, instance:Fluent.Tests.Tests@7e7be63f]" started-at="2024-02-20T14:33:05 IST" name="void_add_to_cart" finished-at="2024-02-20T14:33:05 IST" depends-on-methods="Fluent.Tests.Tests.Login" duration-ms="184" status="PASS">
          <reporter-output>
          </reporter-output>
        </test-method> <!-- void_add_to_cart -->
        <test-method signature="remove()[pri:0, instance:Fluent.Tests.Tests@7e7be63f]" started-at="2024-02-20T14:33:05 IST" name="remove" finished-at="2024-02-20T14:33:05 IST" depends-on-methods="Fluent.Tests.Tests.void_add_to_cart" duration-ms="521" status="PASS">
          <reporter-output>
          </reporter-output>
        </test-method> <!-- remove -->
      </class> <!-- Fluent.Tests.Tests -->
    </test> <!-- Default test -->
  </suite> <!-- Default suite -->
</testng-results>
