<?xml version="1.0" encoding="UTF-8"?>
<testng-results ignored="0" total="1" passed="1" failed="0" skipped="0">
  <reporter-output>
  </reporter-output>
  <suite started-at="2024-03-14T05:40:46 IST" name="Default suite" finished-at="2024-03-14T05:40:56 IST" duration-ms="9733">
    <groups>
    </groups>
    <test started-at="2024-03-14T05:40:46 IST" name="Default test" finished-at="2024-03-14T05:40:56 IST" duration-ms="9733">
      <class name="CheckBox.Tests.Tests">
        <test-method is-config="true" signature="setUp()[pri:0, instance:CheckBox.Tests.Tests@1af2d44a]" started-at="2024-03-14T05:40:46 IST" name="setUp" finished-at="2024-03-14T05:40:55 IST" duration-ms="9502" status="PASS">
          <reporter-output>
          </reporter-output>
        </test-method> <!-- setUp -->
        <test-method signature="selectCheck()[pri:0, instance:CheckBox.Tests.Tests@1af2d44a]" started-at="2024-03-14T05:40:56 IST" name="selectCheck" finished-at="2024-03-14T05:40:56 IST" duration-ms="174" status="PASS">
          <reporter-output>
          </reporter-output>
        </test-method> <!-- selectCheck -->
      </class> <!-- CheckBox.Tests.Tests -->
    </test> <!-- Default test -->
  </suite> <!-- Default suite -->
</testng-results>
