<?xml version="1.0" encoding="UTF-8"?>
<testng-results ignored="0" total="1" passed="1" failed="0" skipped="0">
  <reporter-output>
  </reporter-output>
  <suite started-at="2024-02-25T14:35:43 IST" name="Default suite" finished-at="2024-02-25T14:35:59 IST" duration-ms="15819">
    <groups>
    </groups>
    <test started-at="2024-02-25T14:35:43 IST" name="Default test" finished-at="2024-02-25T14:35:59 IST" duration-ms="15819">
      <class name="brokenLink.Tests.BrokenLinkTest">
        <test-method is-config="true" signature="getUrl()[pri:0, instance:brokenLink.Tests.BrokenLinkTest@bd4dc25]" started-at="2024-02-25T14:35:43 IST" name="getUrl" finished-at="2024-02-25T14:35:43 IST" duration-ms="4" status="PASS">
          <reporter-output>
          </reporter-output>
        </test-method> <!-- getUrl -->
        <test-method signature="checkBrokenLink(java.lang.String)[pri:0, instance:brokenLink.Tests.BrokenLinkTest@bd4dc25]" started-at="2024-02-25T14:35:43 IST" name="checkBrokenLink" data-provider="url" finished-at="2024-02-25T14:35:59 IST" duration-ms="15765" status="PASS">
          <params>
            <param index="0">
              <value>
                <![CDATA[https://rahulshettyacademy.com/AutomationPractice/]]>
              </value>
            </param>
          </params>
          <reporter-output>
          </reporter-output>
        </test-method> <!-- checkBrokenLink -->
      </class> <!-- brokenLink.Tests.BrokenLinkTest -->
    </test> <!-- Default test -->
  </suite> <!-- Default suite -->
</testng-results>
