<?xml version="1.0" encoding="UTF-8"?>
<!-- Generated by org.testng.reporters.JUnitXMLReporter -->
<testsuite ignored="0" hostname="HABEEBUNNISA" failures="1" tests="1" name="Test" time="15.07" errors="0" timestamp="2024-02-25T16:16:34 IST">
  <testcase classname="brokenLink.Tests.BrokenLinkTest" name="checkBrokenLink" time="14.792">
    <failure type="java.lang.AssertionError" message="null">
      <![CDATA[java.lang.AssertionError: null
at BrokenLinks.PageObjects.PageObjects.checkBroken(PageObjects.java:56)
at brokenLink.Tests.BrokenLinkTest.checkBrokenLink(BrokenLinkTest.java:21)
at java.base/java.util.ArrayList.forEach(ArrayList.java:1511)
... Removed 29 stack frames]]>
    </failure>
  </testcase> <!-- checkBrokenLink -->
</testsuite> <!-- Test -->
