<?xml version="1.0" encoding="UTF-8"?>
<testng-results ignored="0" total="2" passed="2" failed="0" skipped="0">
  <reporter-output>
  </reporter-output>
  <suite started-at="2024-02-18T19:49:05 IST" name="Suite" finished-at="2024-02-18T19:49:33 IST" duration-ms="27932">
    <groups>
    </groups>
    <test started-at="2024-02-18T19:49:05 IST" name="Test" finished-at="2024-02-18T19:49:33 IST" duration-ms="27932">
      <class name="extentReports.Tests.Tests">
        <test-method is-config="true" signature="setup()[pri:0, instance:extentReports.Tests.Tests@492691d7]" started-at="2024-02-18T19:49:05 IST" name="setup" finished-at="2024-02-18T19:49:30 IST" duration-ms="24794" status="PASS">
          <reporter-output>
          </reporter-output>
        </test-method> <!-- setup -->
        <test-method signature="login()[pri:0, instance:extentReports.Tests.Tests@492691d7]" started-at="2024-02-18T19:49:31 IST" name="login" finished-at="2024-02-18T19:49:32 IST" duration-ms="1494" status="PASS">
          <reporter-output>
          </reporter-output>
        </test-method> <!-- login -->
        <test-method signature="addToCart()[pri:0, instance:extentReports.Tests.Tests@492691d7]" started-at="2024-02-18T19:49:32 IST" name="addToCart" finished-at="2024-02-18T19:49:33 IST" depends-on-methods="extentReports.Tests.Tests.login" duration-ms="783" status="PASS">
          <reporter-output>
          </reporter-output>
        </test-method> <!-- addToCart -->
      </class> <!-- extentReports.Tests.Tests -->
    </test> <!-- Test -->
  </suite> <!-- Suite -->
</testng-results>
