<?xml version="1.0" encoding="UTF-8"?>
<testng-results ignored="0" total="1" passed="1" failed="0" skipped="0">
  <reporter-output>
  </reporter-output>
  <suite started-at="2024-02-11T16:15:59 IST" name="Default suite" finished-at="2024-02-11T16:16:20 IST" duration-ms="20375">
    <groups>
    </groups>
    <test started-at="2024-02-11T16:15:59 IST" name="Default test" finished-at="2024-02-11T16:16:20 IST" duration-ms="20375">
      <class name="Upload.upload">
        <test-method is-config="true" signature="setUp()[pri:0, instance:Upload.upload@48f278eb]" started-at="2024-02-11T16:15:59 IST" name="setUp" finished-at="2024-02-11T16:16:14 IST" duration-ms="14954" status="PASS">
          <reporter-output>
          </reporter-output>
        </test-method> <!-- setUp -->
        <test-method signature="upload()[pri:0, instance:Upload.upload@48f278eb]" started-at="2024-02-11T16:16:14 IST" name="upload" finished-at="2024-02-11T16:16:19 IST" duration-ms="5364" status="PASS">
          <reporter-output>
          </reporter-output>
        </test-method> <!-- upload -->
      </class> <!-- Upload.upload -->
    </test> <!-- Default test -->
  </suite> <!-- Default suite -->
</testng-results>
